Using pre-set license
Built from '2020.2/release' branch; Version is '2020.2.4f1 (becced5a802b) revision 12504301'; Using compiler version '192528614'; Build Type 'Release'
OS: 'Windows 10 Home; OS build 19043.1466; Version 2009; 64bit' Language: 'en' Physical Memory: 16317 MB
BatchMode: 1, IsHumanControllingUs: 0, StartBugReporterOnCrash: 0, Is64bit: 1, IsPro: 0

 COMMAND LINE ARGUMENTS:
C:\Program Files\Unity\Hub\Editor\2020.2.4f1\Editor\Unity.exe
-adb2
-batchMode
-noUpm
-name
AssetImportWorker0
-projectPath
D:/Unity Projects/TeachingProjects/JeffGeekEdu/JeffGeekEDU/JeffPlatformer
-logFile
Logs/AssetImportWorker0.log
-srvPort
52631
Successfully changed project path to: D:/Unity Projects/TeachingProjects/JeffGeekEdu/JeffGeekEDU/JeffPlatformer
D:/Unity Projects/TeachingProjects/JeffGeekEdu/JeffGeekEDU/JeffPlatformer
Using Asset Import Pipeline V2.
Refreshing native plugins compatible for Editor in 32.00 ms, found 1 plugins.
Preloading 0 native plugins for Editor in 0.00 ms.
Initialize engine version: 2020.2.4f1 (becced5a802b)
[Subsystems] Discovering subsystems at path C:/Program Files/Unity/Hub/Editor/2020.2.4f1/Editor/Data/Resources/UnitySubsystems
[Subsystems] Discovering subsystems at path D:/Unity Projects/TeachingProjects/JeffGeekEdu/JeffGeekEDU/JeffPlatformer/Assets
GfxDevice: creating device client; threaded=0
Direct3D:
    Version:  Direct3D 11.0 [level 11.1]
    Renderer: NVIDIA GeForce RTX 2060 SUPER (ID=0x1f06)
    Vendor:   
    VRAM:     8031 MB
    Driver:   30.0.14.7196
Initialize mono
Mono path[0] = 'C:/Program Files/Unity/Hub/Editor/2020.2.4f1/Editor/Data/Managed'
Mono path[1] = 'C:/Program Files/Unity/Hub/Editor/2020.2.4f1/Editor/Data/MonoBleedingEdge/lib/mono/unityjit'
Mono config path = 'C:/Program Files/Unity/Hub/Editor/2020.2.4f1/Editor/Data/MonoBleedingEdge/etc'
Using monoOptions --debugger-agent=transport=dt_socket,embedding=1,server=y,suspend=n,address=127.0.0.1:56876
Begin MonoManager ReloadAssembly
Registering precompiled unity dll's ...
Register platform support module: C:/Program Files/Unity/Hub/Editor/2020.2.4f1/Editor/Data/PlaybackEngines/WebGLSupport/UnityEditor.WebGL.Extensions.dll
Register platform support module: C:/Program Files/Unity/Hub/Editor/2020.2.4f1/Editor/Data/PlaybackEngines/WindowsStandaloneSupport/UnityEditor.WindowsStandalone.Extensions.dll
Registered in 0.003100 seconds.
Native extension for WindowsStandalone target not found
Native extension for WebGL target not found
Refreshing native plugins compatible for Editor in 39.25 ms, found 1 plugins.
Preloading 0 native plugins for Editor in 0.00 ms.
Invoked RoslynAnalysisRunner static constructor.
RoslynAnalysisRunner will not be running.
RoslynAnalysisRunner has terminated.
Mono: successfully reloaded assembly
- Completed reload, in  2.101 seconds
Platform modules already initialized, skipping
Registering precompiled user dll's ...
Registered in 0.000680 seconds.
Begin MonoManager ReloadAssembly
Native extension for WindowsStandalone target not found
Native extension for WebGL target not found
Refreshing native plugins compatible for Editor in 35.66 ms, found 1 plugins.
Preloading 0 native plugins for Editor in 0.00 ms.
Invoked RoslynAnalysisRunner static constructor.
RoslynAnalysisRunner will not be running.
RoslynAnalysisRunner has terminated.
Mono: successfully reloaded assembly
- Completed reload, in  0.914 seconds
Platform modules already initialized, skipping
========================================================================
Worker process is ready to serve import requests
Launched and connected shader compiler UnityShaderCompiler.exe after 0.07 seconds
Refreshing native plugins compatible for Editor in 0.49 ms, found 1 plugins.
Preloading 0 native plugins for Editor in 0.00 ms.
Unloading 1798 Unused Serialized files (Serialized files now loaded: 0)
System memory in use before: 84.4 MB.
System memory in use after: 84.3 MB.

Unloading 24 unused Assets to reduce memory usage. Loaded Objects now: 2239.
Total: 2.769900 ms (FindLiveObjects: 0.427400 ms CreateObjectMapping: 0.217800 ms MarkObjects: 1.942500 ms  DeleteObjects: 0.180600 ms)

========================================================================
Received Import Request.
  path: Assets/Scripts/Player.cs
  artifactKey: Guid(27d7cf4b55bab3b4db7f461c2b5a0467) Importer(815301076,1909f56bfc062723c751e8b465ee728b)
Start importing Assets/Scripts/Player.cs using Guid(27d7cf4b55bab3b4db7f461c2b5a0467) Importer(815301076,1909f56bfc062723c751e8b465ee728b)  -> (artifact id: '7a5079da6db48389f9b1e99e399b80f7') in 0.044188 seconds
  Import took 0.051530 seconds .

========================================================================
Received Import Request.
  Time since last request: 272.614660 seconds.
  path: Assets/Scenes
  artifactKey: Guid(e3c1b65ac88b92144b5126be486605f7) Importer(815301076,1909f56bfc062723c751e8b465ee728b)
Start importing Assets/Scenes using Guid(e3c1b65ac88b92144b5126be486605f7) Importer(815301076,1909f56bfc062723c751e8b465ee728b)  -> (artifact id: 'fcca0d788ec3389ac952211eaae75b74') in 0.008073 seconds
  Import took 0.011567 seconds .

========================================================================
Received Import Request.
  Time since last request: 10.497507 seconds.
  path: Assets/Scenes/Level2.unity
  artifactKey: Guid(916da1ccb26e1364492341429a294a4c) Importer(815301076,1909f56bfc062723c751e8b465ee728b)
Start importing Assets/Scenes/Level2.unity using Guid(916da1ccb26e1364492341429a294a4c) Importer(815301076,1909f56bfc062723c751e8b465ee728b)  -> (artifact id: 'e06e7230fbf869f4430d1ad4e37d3716') in 0.015137 seconds
  Import took 0.018074 seconds .

========================================================================
Received Import Request.
  Time since last request: 7.449984 seconds.
  path: Assets/Scenes/SampleScene.unity
  artifactKey: Guid(2cda990e2423bbf4892e6590ba056729) Importer(815301076,1909f56bfc062723c751e8b465ee728b)
Start importing Assets/Scenes/SampleScene.unity using Guid(2cda990e2423bbf4892e6590ba056729) Importer(815301076,1909f56bfc062723c751e8b465ee728b)  -> (artifact id: 'd24c72c9922c1325a9af8a2bb86fe700') in 0.006988 seconds
  Import took 0.016445 seconds .

========================================================================
Received Prepare
Registering precompiled user dll's ...
Registered in 0.000982 seconds.
Begin MonoManager ReloadAssembly
Native extension for WindowsStandalone target not found
Native extension for WebGL target not found
Refreshing native plugins compatible for Editor in 0.43 ms, found 1 plugins.
Preloading 0 native plugins for Editor in 0.00 ms.
Invoked RoslynAnalysisRunner static constructor.
RoslynAnalysisRunner will not be running.
RoslynAnalysisRunner has terminated.
Mono: successfully reloaded assembly
- Completed reload, in  0.877 seconds
Platform modules already initialized, skipping
Refreshing native plugins compatible for Editor in 0.67 ms, found 1 plugins.
Preloading 0 native plugins for Editor in 0.00 ms.
Unloading 1793 Unused Serialized files (Serialized files now loaded: 0)
System memory in use before: 84.3 MB.
System memory in use after: 84.3 MB.

Unloading 12 unused Assets to reduce memory usage. Loaded Objects now: 2242.
Total: 1.961800 ms (FindLiveObjects: 0.273800 ms CreateObjectMapping: 0.045100 ms MarkObjects: 1.515400 ms  DeleteObjects: 0.126500 ms)

========================================================================
Received Prepare
Registering precompiled user dll's ...
Registered in 0.000715 seconds.
Begin MonoManager ReloadAssembly
Native extension for WindowsStandalone target not found
Native extension for WebGL target not found
Refreshing native plugins compatible for Editor in 0.88 ms, found 1 plugins.
Preloading 0 native plugins for Editor in 0.00 ms.
Invoked RoslynAnalysisRunner static constructor.
RoslynAnalysisRunner will not be running.
RoslynAnalysisRunner has terminated.
Mono: successfully reloaded assembly
- Completed reload, in  0.890 seconds
Platform modules already initialized, skipping
Refreshing native plugins compatible for Editor in 0.61 ms, found 1 plugins.
Preloading 0 native plugins for Editor in 0.00 ms.
Unloading 1793 Unused Serialized files (Serialized files now loaded: 0)
System memory in use before: 84.4 MB.
System memory in use after: 84.4 MB.

Unloading 12 unused Assets to reduce memory usage. Loaded Objects now: 2245.
Total: 4.117700 ms (FindLiveObjects: 0.882800 ms CreateObjectMapping: 0.081800 ms MarkObjects: 2.966100 ms  DeleteObjects: 0.182200 ms)

========================================================================
Received Import Request.
  Time since last request: 2646.326497 seconds.
  path: Assets/Scripts/Hazards.cs
  artifactKey: Guid(43bd5134ac374604898bf73150d4dce0) Importer(815301076,1909f56bfc062723c751e8b465ee728b)
Start importing Assets/Scripts/Hazards.cs using Guid(43bd5134ac374604898bf73150d4dce0) Importer(815301076,1909f56bfc062723c751e8b465ee728b)  -> (artifact id: 'f440fdeee43b96b88a6123995112783b') in 0.010831 seconds
  Import took 0.014299 seconds .

========================================================================
Received Import Request.
  Time since last request: 0.001637 seconds.
  path: Assets/Scripts/Hazards.cs
  artifactKey: Guid(43bd5134ac374604898bf73150d4dce0) Importer(815301076,1909f56bfc062723c751e8b465ee728b)
Start importing Assets/Scripts/Hazards.cs using Guid(43bd5134ac374604898bf73150d4dce0) Importer(815301076,1909f56bfc062723c751e8b465ee728b)  -> (artifact id: 'f440fdeee43b96b88a6123995112783b') in 0.006876 seconds
  Import took 0.011421 seconds .

========================================================================
Received Prepare
Registering precompiled user dll's ...
Registered in 0.001782 seconds.
Begin MonoManager ReloadAssembly
Native extension for WindowsStandalone target not found
Native extension for WebGL target not found
Refreshing native plugins compatible for Editor in 0.38 ms, found 1 plugins.
Preloading 0 native plugins for Editor in 0.00 ms.
Invoked RoslynAnalysisRunner static constructor.
RoslynAnalysisRunner will not be running.
RoslynAnalysisRunner has terminated.
Mono: successfully reloaded assembly
- Completed reload, in  0.754 seconds
Platform modules already initialized, skipping
Refreshing native plugins compatible for Editor in 0.48 ms, found 1 plugins.
Preloading 0 native plugins for Editor in 0.00 ms.
Unloading 1794 Unused Serialized files (Serialized files now loaded: 0)
System memory in use before: 84.4 MB.
System memory in use after: 84.4 MB.

Unloading 12 unused Assets to reduce memory usage. Loaded Objects now: 2249.
Total: 2.258200 ms (FindLiveObjects: 0.356500 ms CreateObjectMapping: 0.045700 ms MarkObjects: 1.753200 ms  DeleteObjects: 0.099900 ms)

========================================================================
Received Prepare
Registering precompiled user dll's ...
Registered in 0.001047 seconds.
Begin MonoManager ReloadAssembly
Native extension for WindowsStandalone target not found
Native extension for WebGL target not found
Refreshing native plugins compatible for Editor in 0.39 ms, found 1 plugins.
Preloading 0 native plugins for Editor in 0.00 ms.
Invoked RoslynAnalysisRunner static constructor.
RoslynAnalysisRunner will not be running.
RoslynAnalysisRunner has terminated.
Mono: successfully reloaded assembly
- Completed reload, in  0.803 seconds
Platform modules already initialized, skipping
Refreshing native plugins compatible for Editor in 0.68 ms, found 1 plugins.
Preloading 0 native plugins for Editor in 0.00 ms.
Unloading 1794 Unused Serialized files (Serialized files now loaded: 0)
System memory in use before: 84.4 MB.
System memory in use after: 84.4 MB.

Unloading 12 unused Assets to reduce memory usage. Loaded Objects now: 2252.
Total: 2.238500 ms (FindLiveObjects: 0.216800 ms CreateObjectMapping: 0.041000 ms MarkObjects: 1.854500 ms  DeleteObjects: 0.124800 ms)

========================================================================
Received Import Request.
  Time since last request: 313.077082 seconds.
  path: Assets/Scripts/Hazards.cs
  artifactKey: Guid(43bd5134ac374604898bf73150d4dce0) Importer(815301076,1909f56bfc062723c751e8b465ee728b)
Start importing Assets/Scripts/Hazards.cs using Guid(43bd5134ac374604898bf73150d4dce0) Importer(815301076,1909f56bfc062723c751e8b465ee728b)  -> (artifact id: '5c97966bbb153d510cef0e384bb6935c') in 0.010785 seconds
  Import took 0.014940 seconds .

========================================================================
Received Prepare
Registering precompiled user dll's ...
Registered in 0.001008 seconds.
Begin MonoManager ReloadAssembly
Native extension for WindowsStandalone target not found
Native extension for WebGL target not found
Refreshing native plugins compatible for Editor in 0.36 ms, found 1 plugins.
Preloading 0 native plugins for Editor in 0.00 ms.
Invoked RoslynAnalysisRunner static constructor.
RoslynAnalysisRunner will not be running.
RoslynAnalysisRunner has terminated.
Mono: successfully reloaded assembly
- Completed reload, in  0.775 seconds
Platform modules already initialized, skipping
Refreshing native plugins compatible for Editor in 0.36 ms, found 1 plugins.
Preloading 0 native plugins for Editor in 0.00 ms.
Unloading 1794 Unused Serialized files (Serialized files now loaded: 0)
System memory in use before: 84.5 MB.
System memory in use after: 84.5 MB.

Unloading 12 unused Assets to reduce memory usage. Loaded Objects now: 2255.
Total: 3.984300 ms (FindLiveObjects: 0.968300 ms CreateObjectMapping: 0.062500 ms MarkObjects: 2.792300 ms  DeleteObjects: 0.156300 ms)

========================================================================
Received Import Request.
  Time since last request: 1463.074044 seconds.
  path: Assets/Scripts/Lava.cs
  artifactKey: Guid(ee140dbb3ddec50449d2d7be8da2a6ac) Importer(815301076,1909f56bfc062723c751e8b465ee728b)
Start importing Assets/Scripts/Lava.cs using Guid(ee140dbb3ddec50449d2d7be8da2a6ac) Importer(815301076,1909f56bfc062723c751e8b465ee728b)  -> (artifact id: '824929365fd7e3fc9de66cfac4be698e') in 0.014159 seconds
  Import took 0.028006 seconds .

========================================================================
Received Prepare
Registering precompiled user dll's ...
Registered in 0.001106 seconds.
Begin MonoManager ReloadAssembly
Native extension for WindowsStandalone target not found
Native extension for WebGL target not found
Refreshing native plugins compatible for Editor in 0.46 ms, found 1 plugins.
Preloading 0 native plugins for Editor in 0.00 ms.
Invoked RoslynAnalysisRunner static constructor.
RoslynAnalysisRunner will not be running.
RoslynAnalysisRunner has terminated.
Mono: successfully reloaded assembly
- Completed reload, in  0.875 seconds
Platform modules already initialized, skipping
Refreshing native plugins compatible for Editor in 1.22 ms, found 1 plugins.
Preloading 0 native plugins for Editor in 0.00 ms.
Unloading 1795 Unused Serialized files (Serialized files now loaded: 0)
System memory in use before: 84.5 MB.
System memory in use after: 84.5 MB.

Unloading 12 unused Assets to reduce memory usage. Loaded Objects now: 2259.
Total: 3.652000 ms (FindLiveObjects: 0.627300 ms CreateObjectMapping: 0.067700 ms MarkObjects: 2.716600 ms  DeleteObjects: 0.238400 ms)

========================================================================
Received Prepare
Registering precompiled user dll's ...
Registered in 0.000895 seconds.
Begin MonoManager ReloadAssembly
Native extension for WindowsStandalone target not found
Native extension for WebGL target not found
Refreshing native plugins compatible for Editor in 0.37 ms, found 1 plugins.
Preloading 0 native plugins for Editor in 0.00 ms.
Invoked RoslynAnalysisRunner static constructor.
RoslynAnalysisRunner will not be running.
RoslynAnalysisRunner has terminated.
Mono: successfully reloaded assembly
- Completed reload, in  0.756 seconds
Platform modules already initialized, skipping
Refreshing native plugins compatible for Editor in 0.50 ms, found 1 plugins.
Preloading 0 native plugins for Editor in 0.00 ms.
Unloading 1795 Unused Serialized files (Serialized files now loaded: 0)
System memory in use before: 84.5 MB.
System memory in use after: 84.5 MB.

Unloading 12 unused Assets to reduce memory usage. Loaded Objects now: 2262.
Total: 2.295500 ms (FindLiveObjects: 0.229500 ms CreateObjectMapping: 0.040400 ms MarkObjects: 1.917800 ms  DeleteObjects: 0.106100 ms)

========================================================================
Received Import Request.
  Time since last request: 495.416218 seconds.
  path: Assets/Scripts/Lava.cs
  artifactKey: Guid(ee140dbb3ddec50449d2d7be8da2a6ac) Importer(815301076,1909f56bfc062723c751e8b465ee728b)
Start importing Assets/Scripts/Lava.cs using Guid(ee140dbb3ddec50449d2d7be8da2a6ac) Importer(815301076,1909f56bfc062723c751e8b465ee728b)  -> (artifact id: '0b04579c039ace649e4eb9b98eee374c') in 0.009634 seconds
  Import took 0.024085 seconds .

========================================================================
Received Import Request.
  Time since last request: 28.963615 seconds.
  path: Assets/Scenes/SampleScene.unity
  artifactKey: Guid(2cda990e2423bbf4892e6590ba056729) Importer(815301076,1909f56bfc062723c751e8b465ee728b)
Start importing Assets/Scenes/SampleScene.unity using Guid(2cda990e2423bbf4892e6590ba056729) Importer(815301076,1909f56bfc062723c751e8b465ee728b)  -> (artifact id: '78a0a8263d3846f2f872b6c5b934e5af') in 0.009568 seconds
  Import took 0.026662 seconds .

========================================================================
Received Import Request.
  Time since last request: 28.056680 seconds.
  path: Assets/Player.prefab
  artifactKey: Guid(d5f4ff2214fb7134f90e4a96cbcfd232) Importer(815301076,1909f56bfc062723c751e8b465ee728b)
Start importing Assets/Player.prefab using Guid(d5f4ff2214fb7134f90e4a96cbcfd232) Importer(815301076,1909f56bfc062723c751e8b465ee728b)  -> (artifact id: 'bff09e278e27dc47635b7eba9c0b5e44') in 0.125292 seconds
  Import took 0.145650 seconds .

========================================================================
Received Import Request.
  Time since last request: 10.677282 seconds.
  path: Assets/Scenes/Level2.unity
  artifactKey: Guid(916da1ccb26e1364492341429a294a4c) Importer(815301076,1909f56bfc062723c751e8b465ee728b)
Start importing Assets/Scenes/Level2.unity using Guid(916da1ccb26e1364492341429a294a4c) Importer(815301076,1909f56bfc062723c751e8b465ee728b)  -> (artifact id: 'dc0caa82c7ea36a0b1d744272e37f171') in 0.004337 seconds
  Import took 0.016934 seconds .

========================================================================
Received Prepare
Registering precompiled user dll's ...
Registered in 0.001588 seconds.
Begin MonoManager ReloadAssembly
Native extension for WindowsStandalone target not found
Native extension for WebGL target not found
Refreshing native plugins compatible for Editor in 0.44 ms, found 1 plugins.
Preloading 0 native plugins for Editor in 0.00 ms.
Invoked RoslynAnalysisRunner static constructor.
RoslynAnalysisRunner will not be running.
RoslynAnalysisRunner has terminated.
Mono: successfully reloaded assembly
- Completed reload, in  0.777 seconds
Platform modules already initialized, skipping
Refreshing native plugins compatible for Editor in 0.36 ms, found 1 plugins.
Preloading 0 native plugins for Editor in 0.00 ms.
Unloading 1795 Unused Serialized files (Serialized files now loaded: 0)
System memory in use before: 87.7 MB.
System memory in use after: 87.6 MB.

Unloading 12 unused Assets to reduce memory usage. Loaded Objects now: 2272.
Total: 2.756400 ms (FindLiveObjects: 0.334400 ms CreateObjectMapping: 0.052100 ms MarkObjects: 2.240900 ms  DeleteObjects: 0.126500 ms)

========================================================================
Received Import Request.
  Time since last request: 38.487971 seconds.
  path: Assets/Scenes/SampleScene.unity
  artifactKey: Guid(2cda990e2423bbf4892e6590ba056729) Importer(815301076,1909f56bfc062723c751e8b465ee728b)
Start importing Assets/Scenes/SampleScene.unity using Guid(2cda990e2423bbf4892e6590ba056729) Importer(815301076,1909f56bfc062723c751e8b465ee728b)  -> (artifact id: 'a843d4ccc1c798d05a630a68951c2ec9') in 0.013726 seconds
  Import took 0.017343 seconds .

========================================================================
Received Import Request.
  Time since last request: 46.206200 seconds.
  path: Assets/Scenes/Level2.unity
  artifactKey: Guid(916da1ccb26e1364492341429a294a4c) Importer(815301076,1909f56bfc062723c751e8b465ee728b)
Start importing Assets/Scenes/Level2.unity using Guid(916da1ccb26e1364492341429a294a4c) Importer(815301076,1909f56bfc062723c751e8b465ee728b)  -> (artifact id: '903da826c3f7ed5d647196ebd003d95c') in 0.002783 seconds
  Import took 0.005568 seconds .

AssetImportWorkerClient::OnTransportError - code=2 error=End of file
