Using pre-set license
Built from '2020.2/release' branch; Version is '2020.2.4f1 (becced5a802b) revision 12504301'; Using compiler version '192528614'; Build Type 'Release'
OS: 'Windows 10 Home; OS build 19043.1826; Version 2009; 64bit' Language: 'en' Physical Memory: 16317 MB
BatchMode: 1, IsHumanControllingUs: 0, StartBugReporterOnCrash: 0, Is64bit: 1, IsPro: 0

 COMMAND LINE ARGUMENTS:
C:\Program Files\Unity\Hub\Editor\2020.2.4f1\Editor\Unity.exe
-adb2
-batchMode
-noUpm
-name
AssetImportWorker0
-projectPath
D:/Unity Projects/TeachingProjects/JeffGeekEdu/JeffGeekEDU/Jeff2DGame
-logFile
Logs/AssetImportWorker0.log
-srvPort
51204
Successfully changed project path to: D:/Unity Projects/TeachingProjects/JeffGeekEdu/JeffGeekEDU/Jeff2DGame
D:/Unity Projects/TeachingProjects/JeffGeekEdu/JeffGeekEDU/Jeff2DGame
Using Asset Import Pipeline V2.
Refreshing native plugins compatible for Editor in 35.21 ms, found 1 plugins.
Preloading 0 native plugins for Editor in 0.00 ms.
Initialize engine version: 2020.2.4f1 (becced5a802b)
[Subsystems] Discovering subsystems at path C:/Program Files/Unity/Hub/Editor/2020.2.4f1/Editor/Data/Resources/UnitySubsystems
[Subsystems] Discovering subsystems at path D:/Unity Projects/TeachingProjects/JeffGeekEdu/JeffGeekEDU/Jeff2DGame/Assets
GfxDevice: creating device client; threaded=0
Direct3D:
    Version:  Direct3D 11.0 [level 11.1]
    Renderer: NVIDIA GeForce RTX 2060 SUPER (ID=0x1f06)
    Vendor:   
    VRAM:     8031 MB
    Driver:   30.0.14.7196
Initialize mono
Mono path[0] = 'C:/Program Files/Unity/Hub/Editor/2020.2.4f1/Editor/Data/Managed'
Mono path[1] = 'C:/Program Files/Unity/Hub/Editor/2020.2.4f1/Editor/Data/MonoBleedingEdge/lib/mono/unityjit'
Mono config path = 'C:/Program Files/Unity/Hub/Editor/2020.2.4f1/Editor/Data/MonoBleedingEdge/etc'
Using monoOptions --debugger-agent=transport=dt_socket,embedding=1,server=y,suspend=n,address=127.0.0.1:56308
Begin MonoManager ReloadAssembly
Registering precompiled unity dll's ...
Register platform support module: C:/Program Files/Unity/Hub/Editor/2020.2.4f1/Editor/Data/PlaybackEngines/WebGLSupport/UnityEditor.WebGL.Extensions.dll
Register platform support module: C:/Program Files/Unity/Hub/Editor/2020.2.4f1/Editor/Data/PlaybackEngines/WindowsStandaloneSupport/UnityEditor.WindowsStandalone.Extensions.dll
Registered in 0.003505 seconds.
Native extension for WindowsStandalone target not found
Native extension for WebGL target not found
Refreshing native plugins compatible for Editor in 38.56 ms, found 1 plugins.
Preloading 0 native plugins for Editor in 0.00 ms.
Invoked RoslynAnalysisRunner static constructor.
RoslynAnalysisRunner will not be running.
RoslynAnalysisRunner has terminated.
Mono: successfully reloaded assembly
- Completed reload, in  2.246 seconds
Platform modules already initialized, skipping
Registering precompiled user dll's ...
Registered in 0.001158 seconds.
Begin MonoManager ReloadAssembly
Native extension for WindowsStandalone target not found
Native extension for WebGL target not found
Refreshing native plugins compatible for Editor in 36.33 ms, found 1 plugins.
Preloading 0 native plugins for Editor in 0.00 ms.
Invoked RoslynAnalysisRunner static constructor.
RoslynAnalysisRunner will not be running.
RoslynAnalysisRunner has terminated.
Mono: successfully reloaded assembly
- Completed reload, in  0.998 seconds
Platform modules already initialized, skipping
========================================================================
Worker process is ready to serve import requests
Launched and connected shader compiler UnityShaderCompiler.exe after 0.07 seconds
Refreshing native plugins compatible for Editor in 0.67 ms, found 1 plugins.
Preloading 0 native plugins for Editor in 0.00 ms.
Unloading 1810 Unused Serialized files (Serialized files now loaded: 0)
System memory in use before: 84.7 MB.
System memory in use after: 84.7 MB.

Unloading 24 unused Assets to reduce memory usage. Loaded Objects now: 2252.
Total: 3.837400 ms (FindLiveObjects: 0.840600 ms CreateObjectMapping: 0.085200 ms MarkObjects: 2.684400 ms  DeleteObjects: 0.223700 ms)

========================================================================
Received Import Request.
  path: Assets/Scripts/BowWeapon.cs
  artifactKey: Guid(4f4e28cc046caca49bb173f23ab9bbb5) Importer(815301076,1909f56bfc062723c751e8b465ee728b)
Start importing Assets/Scripts/BowWeapon.cs using Guid(4f4e28cc046caca49bb173f23ab9bbb5) Importer(815301076,1909f56bfc062723c751e8b465ee728b)  -> (artifact id: 'bb749cb0406999876287a02c16c60346') in 0.040307 seconds
  Import took 0.053645 seconds .

========================================================================
Received Import Request.
  Time since last request: 449.638974 seconds.
  path: Assets/Scripts/BowWeapon.cs
  artifactKey: Guid(4f4e28cc046caca49bb173f23ab9bbb5) Importer(815301076,1909f56bfc062723c751e8b465ee728b)
Start importing Assets/Scripts/BowWeapon.cs using Guid(4f4e28cc046caca49bb173f23ab9bbb5) Importer(815301076,1909f56bfc062723c751e8b465ee728b)  -> (artifact id: 'edcab235ec1901a2d5e3d2ba4be50998') in 0.003366 seconds
  Import took 0.020213 seconds .

========================================================================
Received Prepare
Registering precompiled user dll's ...
Registered in 0.001373 seconds.
Begin MonoManager ReloadAssembly
Native extension for WindowsStandalone target not found
Native extension for WebGL target not found
Refreshing native plugins compatible for Editor in 0.35 ms, found 1 plugins.
Preloading 0 native plugins for Editor in 0.00 ms.
Invoked RoslynAnalysisRunner static constructor.
RoslynAnalysisRunner will not be running.
RoslynAnalysisRunner has terminated.
Mono: successfully reloaded assembly
- Completed reload, in  0.867 seconds
Platform modules already initialized, skipping
Refreshing native plugins compatible for Editor in 1.06 ms, found 1 plugins.
Preloading 0 native plugins for Editor in 0.00 ms.
Unloading 1805 Unused Serialized files (Serialized files now loaded: 0)
System memory in use before: 84.7 MB.
System memory in use after: 84.7 MB.

Unloading 12 unused Assets to reduce memory usage. Loaded Objects now: 2255.
Total: 2.143700 ms (FindLiveObjects: 0.537100 ms CreateObjectMapping: 0.050800 ms MarkObjects: 1.445300 ms  DeleteObjects: 0.108700 ms)

========================================================================
Received Prepare
Registering precompiled user dll's ...
Registered in 0.000728 seconds.
Begin MonoManager ReloadAssembly
Native extension for WindowsStandalone target not found
Native extension for WebGL target not found
Refreshing native plugins compatible for Editor in 0.44 ms, found 1 plugins.
Preloading 0 native plugins for Editor in 0.00 ms.
Invoked RoslynAnalysisRunner static constructor.
RoslynAnalysisRunner will not be running.
RoslynAnalysisRunner has terminated.
Mono: successfully reloaded assembly
- Completed reload, in  0.764 seconds
Platform modules already initialized, skipping
Refreshing native plugins compatible for Editor in 0.36 ms, found 1 plugins.
Preloading 0 native plugins for Editor in 0.00 ms.
Unloading 1805 Unused Serialized files (Serialized files now loaded: 0)
System memory in use before: 84.8 MB.
System memory in use after: 84.8 MB.

Unloading 12 unused Assets to reduce memory usage. Loaded Objects now: 2258.
Total: 1.772700 ms (FindLiveObjects: 0.227300 ms CreateObjectMapping: 0.040700 ms MarkObjects: 1.408500 ms  DeleteObjects: 0.095400 ms)

========================================================================
Received Import Request.
  Time since last request: 920.377089 seconds.
  path: Assets/Scripts/BowWeapon.cs
  artifactKey: Guid(4f4e28cc046caca49bb173f23ab9bbb5) Importer(815301076,1909f56bfc062723c751e8b465ee728b)
Start importing Assets/Scripts/BowWeapon.cs using Guid(4f4e28cc046caca49bb173f23ab9bbb5) Importer(815301076,1909f56bfc062723c751e8b465ee728b)  -> (artifact id: '3f28dc126e6f1a02d01bae5d8dffeb7f') in 0.006085 seconds
  Import took 0.028046 seconds .

========================================================================
Received Prepare
Registering precompiled user dll's ...
Registered in 0.001154 seconds.
Begin MonoManager ReloadAssembly
Native extension for WindowsStandalone target not found
Native extension for WebGL target not found
Refreshing native plugins compatible for Editor in 0.53 ms, found 1 plugins.
Preloading 0 native plugins for Editor in 0.00 ms.
Invoked RoslynAnalysisRunner static constructor.
RoslynAnalysisRunner will not be running.
RoslynAnalysisRunner has terminated.
Mono: successfully reloaded assembly
- Completed reload, in  0.845 seconds
Platform modules already initialized, skipping
Refreshing native plugins compatible for Editor in 0.74 ms, found 1 plugins.
Preloading 0 native plugins for Editor in 0.00 ms.
Unloading 1805 Unused Serialized files (Serialized files now loaded: 0)
System memory in use before: 84.8 MB.
System memory in use after: 84.8 MB.

Unloading 12 unused Assets to reduce memory usage. Loaded Objects now: 2261.
Total: 3.909000 ms (FindLiveObjects: 1.079400 ms CreateObjectMapping: 0.127600 ms MarkObjects: 2.474300 ms  DeleteObjects: 0.224200 ms)

========================================================================
Received Prepare
Registering precompiled user dll's ...
Registered in 0.001659 seconds.
Begin MonoManager ReloadAssembly
Native extension for WindowsStandalone target not found
Native extension for WebGL target not found
Refreshing native plugins compatible for Editor in 0.36 ms, found 1 plugins.
Preloading 0 native plugins for Editor in 0.00 ms.
Invoked RoslynAnalysisRunner static constructor.
RoslynAnalysisRunner will not be running.
RoslynAnalysisRunner has terminated.
Mono: successfully reloaded assembly
- Completed reload, in  0.808 seconds
Platform modules already initialized, skipping
Refreshing native plugins compatible for Editor in 0.35 ms, found 1 plugins.
Preloading 0 native plugins for Editor in 0.00 ms.
Unloading 1805 Unused Serialized files (Serialized files now loaded: 0)
System memory in use before: 84.8 MB.
System memory in use after: 84.8 MB.

Unloading 12 unused Assets to reduce memory usage. Loaded Objects now: 2264.
Total: 2.054700 ms (FindLiveObjects: 0.306200 ms CreateObjectMapping: 0.043100 ms MarkObjects: 1.596100 ms  DeleteObjects: 0.107900 ms)

========================================================================
Received Import Request.
  Time since last request: 917.288733 seconds.
  path: Assets/Arrow.prefab
  artifactKey: Guid(561d23f545c469344814222088809cfd) Importer(815301076,1909f56bfc062723c751e8b465ee728b)
Start importing Assets/Arrow.prefab using Guid(561d23f545c469344814222088809cfd) Importer(815301076,1909f56bfc062723c751e8b465ee728b)  -> (artifact id: '550b208db04571857afb21c44f126afe') in 0.106082 seconds
  Import took 0.124219 seconds .

========================================================================
Received Prepare
Registering precompiled user dll's ...
Registered in 0.000771 seconds.
Begin MonoManager ReloadAssembly
Native extension for WindowsStandalone target not found
Native extension for WebGL target not found
Refreshing native plugins compatible for Editor in 0.52 ms, found 1 plugins.
Preloading 0 native plugins for Editor in 0.00 ms.
Invoked RoslynAnalysisRunner static constructor.
RoslynAnalysisRunner will not be running.
RoslynAnalysisRunner has terminated.
Mono: successfully reloaded assembly
- Completed reload, in  0.728 seconds
Platform modules already initialized, skipping
Refreshing native plugins compatible for Editor in 0.44 ms, found 1 plugins.
Preloading 0 native plugins for Editor in 0.00 ms.
Unloading 1805 Unused Serialized files (Serialized files now loaded: 0)
System memory in use before: 87.9 MB.
System memory in use after: 87.9 MB.

Unloading 12 unused Assets to reduce memory usage. Loaded Objects now: 2274.
Total: 3.060500 ms (FindLiveObjects: 0.582400 ms CreateObjectMapping: 0.057100 ms MarkObjects: 2.291000 ms  DeleteObjects: 0.127900 ms)

========================================================================
Received Import Request.
  Time since last request: 409.940595 seconds.
  path: Assets/Arrow.prefab
  artifactKey: Guid(561d23f545c469344814222088809cfd) Importer(815301076,1909f56bfc062723c751e8b465ee728b)
Start importing Assets/Arrow.prefab using Guid(561d23f545c469344814222088809cfd) Importer(815301076,1909f56bfc062723c751e8b465ee728b)  -> (artifact id: 'e67bcc64c6a70dae7ab416ca35ea3c96') in 0.044718 seconds
  Import took 0.137016 seconds .

========================================================================
Received Prepare
Registering precompiled user dll's ...
Registered in 0.000915 seconds.
Begin MonoManager ReloadAssembly
Native extension for WindowsStandalone target not found
Native extension for WebGL target not found
Refreshing native plugins compatible for Editor in 0.45 ms, found 1 plugins.
Preloading 0 native plugins for Editor in 0.00 ms.
Invoked RoslynAnalysisRunner static constructor.
RoslynAnalysisRunner will not be running.
RoslynAnalysisRunner has terminated.
Mono: successfully reloaded assembly
- Completed reload, in  0.998 seconds
Platform modules already initialized, skipping
Refreshing native plugins compatible for Editor in 1.24 ms, found 1 plugins.
Preloading 0 native plugins for Editor in 0.00 ms.
Unloading 1805 Unused Serialized files (Serialized files now loaded: 0)
System memory in use before: 88.0 MB.
System memory in use after: 87.9 MB.

Unloading 12 unused Assets to reduce memory usage. Loaded Objects now: 2278.
Total: 6.595600 ms (FindLiveObjects: 1.428700 ms CreateObjectMapping: 0.116700 ms MarkObjects: 4.770900 ms  DeleteObjects: 0.272400 ms)

========================================================================
Received Import Request.
  Time since last request: 1054.790666 seconds.
  path: Assets/Arrow.prefab
  artifactKey: Guid(561d23f545c469344814222088809cfd) Importer(815301076,1909f56bfc062723c751e8b465ee728b)
Start importing Assets/Arrow.prefab using Guid(561d23f545c469344814222088809cfd) Importer(815301076,1909f56bfc062723c751e8b465ee728b)  -> (artifact id: 'afaca3a425e7ec723a04287c3c4f8c8e') in 0.053397 seconds
  Import took 0.058187 seconds .

========================================================================
Received Import Request.
  Time since last request: 3.428307 seconds.
  path: Assets/Arrow.prefab
  artifactKey: Guid(561d23f545c469344814222088809cfd) Importer(815301076,1909f56bfc062723c751e8b465ee728b)
Start importing Assets/Arrow.prefab using Guid(561d23f545c469344814222088809cfd) Importer(815301076,1909f56bfc062723c751e8b465ee728b)  -> (artifact id: '55ba5da7d4affdb204e1f45b58634346') in 0.015094 seconds
  Import took 0.025614 seconds .

AssetImportWorkerClient::OnTransportError - code=2 error=End of file
