Using pre-set license
Built from '2020.2/release' branch; Version is '2020.2.4f1 (becced5a802b) revision 12504301'; Using compiler version '192528614'; Build Type 'Release'
OS: 'Windows 10 Home; OS build 19043.1415; Version 2009; 64bit' Language: 'en' Physical Memory: 16317 MB
BatchMode: 1, IsHumanControllingUs: 0, StartBugReporterOnCrash: 0, Is64bit: 1, IsPro: 0

 COMMAND LINE ARGUMENTS:
C:\Program Files\Unity\Hub\Editor\2020.2.4f1\Editor\Unity.exe
-adb2
-batchMode
-noUpm
-name
AssetImportWorker0
-projectPath
D:/Unity Projects/TeachingProjects/JeffGeekEdu/JeffSnowballDefense
-logFile
Logs/AssetImportWorker0.log
-srvPort
58758
Successfully changed project path to: D:/Unity Projects/TeachingProjects/JeffGeekEdu/JeffSnowballDefense
D:/Unity Projects/TeachingProjects/JeffGeekEdu/JeffSnowballDefense
Using Asset Import Pipeline V2.
Refreshing native plugins compatible for Editor in 35.77 ms, found 1 plugins.
Preloading 0 native plugins for Editor in 0.00 ms.
Initialize engine version: 2020.2.4f1 (becced5a802b)
[Subsystems] Discovering subsystems at path C:/Program Files/Unity/Hub/Editor/2020.2.4f1/Editor/Data/Resources/UnitySubsystems
[Subsystems] Discovering subsystems at path D:/Unity Projects/TeachingProjects/JeffGeekEdu/JeffSnowballDefense/Assets
GfxDevice: creating device client; threaded=0
Direct3D:
    Version:  Direct3D 11.0 [level 11.1]
    Renderer: NVIDIA GeForce RTX 2060 SUPER (ID=0x1f06)
    Vendor:   
    VRAM:     8031 MB
    Driver:   30.0.14.7196
Initialize mono
Mono path[0] = 'C:/Program Files/Unity/Hub/Editor/2020.2.4f1/Editor/Data/Managed'
Mono path[1] = 'C:/Program Files/Unity/Hub/Editor/2020.2.4f1/Editor/Data/MonoBleedingEdge/lib/mono/unityjit'
Mono config path = 'C:/Program Files/Unity/Hub/Editor/2020.2.4f1/Editor/Data/MonoBleedingEdge/etc'
Using monoOptions --debugger-agent=transport=dt_socket,embedding=1,server=y,suspend=n,address=127.0.0.1:56212
Begin MonoManager ReloadAssembly
Registering precompiled unity dll's ...
Register platform support module: C:/Program Files/Unity/Hub/Editor/2020.2.4f1/Editor/Data/PlaybackEngines/WebGLSupport/UnityEditor.WebGL.Extensions.dll
Register platform support module: C:/Program Files/Unity/Hub/Editor/2020.2.4f1/Editor/Data/PlaybackEngines/WindowsStandaloneSupport/UnityEditor.WindowsStandalone.Extensions.dll
Registered in 0.002842 seconds.
Native extension for WindowsStandalone target not found
Native extension for WebGL target not found
Refreshing native plugins compatible for Editor in 29.63 ms, found 1 plugins.
Preloading 0 native plugins for Editor in 0.00 ms.
Invoked RoslynAnalysisRunner static constructor.
RoslynAnalysisRunner will not be running.
RoslynAnalysisRunner has terminated.
Mono: successfully reloaded assembly
- Completed reload, in  2.034 seconds
Platform modules already initialized, skipping
Registering precompiled user dll's ...
Registered in 0.000758 seconds.
Begin MonoManager ReloadAssembly
Native extension for WindowsStandalone target not found
Native extension for WebGL target not found
Refreshing native plugins compatible for Editor in 34.01 ms, found 1 plugins.
Preloading 0 native plugins for Editor in 0.00 ms.
Invoked RoslynAnalysisRunner static constructor.
RoslynAnalysisRunner will not be running.
RoslynAnalysisRunner has terminated.
Mono: successfully reloaded assembly
- Completed reload, in  0.839 seconds
Platform modules already initialized, skipping
========================================================================
Worker process is ready to serve import requests
Launched and connected shader compiler UnityShaderCompiler.exe after 0.08 seconds
Refreshing native plugins compatible for Editor in 0.60 ms, found 1 plugins.
Preloading 0 native plugins for Editor in 0.00 ms.
Unloading 1797 Unused Serialized files (Serialized files now loaded: 0)
System memory in use before: 84.3 MB.
System memory in use after: 84.3 MB.

Unloading 24 unused Assets to reduce memory usage. Loaded Objects now: 2238.
Total: 2.404400 ms (FindLiveObjects: 0.381000 ms CreateObjectMapping: 0.065800 ms MarkObjects: 1.846800 ms  DeleteObjects: 0.109300 ms)

========================================================================
Received Import Request.
  path: Assets/Scenes
  artifactKey: Guid(6a3cf32c52e17544cbaf24953031c4d0) Importer(815301076,1909f56bfc062723c751e8b465ee728b)
Start importing Assets/Scenes using Guid(6a3cf32c52e17544cbaf24953031c4d0) Importer(815301076,1909f56bfc062723c751e8b465ee728b)  -> (artifact id: '11411d52ced9c5e01b61c8702ddeb662') in 0.009294 seconds
  Import took 0.030164 seconds .

========================================================================
Received Import Request.
  Time since last request: 60.122752 seconds.
  path: Assets
  artifactKey: Guid(00000000000000001000000000000000) Importer(815301076,1909f56bfc062723c751e8b465ee728b)
Start importing Assets using Guid(00000000000000001000000000000000) Importer(815301076,1909f56bfc062723c751e8b465ee728b)  -> (artifact id: 'edc3feb264a98656617d3c2cb59c8f16') in 0.007556 seconds
  Import took 0.035801 seconds .

========================================================================
Received Import Request.
  Time since last request: 27.951393 seconds.
  path: Assets/Sword.png
  artifactKey: Guid(ff155b0fb6c98cf44af22d039195867e) Importer(815301076,1909f56bfc062723c751e8b465ee728b)
Start importing Assets/Sword.png using Guid(ff155b0fb6c98cf44af22d039195867e) Importer(815301076,1909f56bfc062723c751e8b465ee728b)  -> (artifact id: 'bb64ad1b1f8efac2db1543ec48e08412') in 0.102475 seconds
  Import took 0.107382 seconds .

========================================================================
Received Import Request.
  Time since last request: 18.122923 seconds.
  path: Assets/Sword.png
  artifactKey: Guid(ff155b0fb6c98cf44af22d039195867e) Importer(815301076,1909f56bfc062723c751e8b465ee728b)
Start importing Assets/Sword.png using Guid(ff155b0fb6c98cf44af22d039195867e) Importer(815301076,1909f56bfc062723c751e8b465ee728b)  -> (artifact id: '8b360efee3e2288f1465768a2bda9a06') in 0.018355 seconds
  Import took 0.022063 seconds .

========================================================================
Received Import Request.
  Time since last request: 136.825688 seconds.
  path: Assets/Scripts
  artifactKey: Guid(36d88d1dba915c44798ee9bf89b45ee5) Importer(815301076,1909f56bfc062723c751e8b465ee728b)
Start importing Assets/Scripts using Guid(36d88d1dba915c44798ee9bf89b45ee5) Importer(815301076,1909f56bfc062723c751e8b465ee728b)  -> (artifact id: '38ae9bfe3e7a1241b550865264b096f2') in 0.006204 seconds
  Import took 0.022367 seconds .

========================================================================
Received Import Request.
  Time since last request: 46.116312 seconds.
  path: Assets/Scripts/PlayerMovement.cs
  artifactKey: Guid(bb44cd2ed881956418ce6f7cc67847e6) Importer(815301076,1909f56bfc062723c751e8b465ee728b)
Start importing Assets/Scripts/PlayerMovement.cs using Guid(bb44cd2ed881956418ce6f7cc67847e6) Importer(815301076,1909f56bfc062723c751e8b465ee728b)  -> (artifact id: '3494d77832df74567c94667eed8e3298') in 0.011303 seconds
  Import took 0.015488 seconds .

========================================================================
Received Import Request.
  Time since last request: 0.001001 seconds.
  path: Assets/Scripts/PlayerMovement.cs
  artifactKey: Guid(bb44cd2ed881956418ce6f7cc67847e6) Importer(815301076,1909f56bfc062723c751e8b465ee728b)
Start importing Assets/Scripts/PlayerMovement.cs using Guid(bb44cd2ed881956418ce6f7cc67847e6) Importer(815301076,1909f56bfc062723c751e8b465ee728b)  -> (artifact id: '3494d77832df74567c94667eed8e3298') in 0.003284 seconds
  Import took 0.022298 seconds .

========================================================================
Received Prepare
Registering precompiled user dll's ...
Registered in 0.000811 seconds.
Begin MonoManager ReloadAssembly
Native extension for WindowsStandalone target not found
Native extension for WebGL target not found
Refreshing native plugins compatible for Editor in 0.49 ms, found 1 plugins.
Preloading 0 native plugins for Editor in 0.00 ms.
Invoked RoslynAnalysisRunner static constructor.
RoslynAnalysisRunner will not be running.
RoslynAnalysisRunner has terminated.
Mono: successfully reloaded assembly
- Completed reload, in  0.786 seconds
Platform modules already initialized, skipping
Refreshing native plugins compatible for Editor in 0.36 ms, found 1 plugins.
Preloading 0 native plugins for Editor in 0.00 ms.
Unloading 1793 Unused Serialized files (Serialized files now loaded: 0)
System memory in use before: 87.4 MB.
System memory in use after: 87.4 MB.

Unloading 12 unused Assets to reduce memory usage. Loaded Objects now: 2248.
Total: 1.862400 ms (FindLiveObjects: 0.208800 ms CreateObjectMapping: 0.041200 ms MarkObjects: 1.485000 ms  DeleteObjects: 0.126400 ms)

========================================================================
Received Prepare
Registering precompiled user dll's ...
Registered in 0.000831 seconds.
Begin MonoManager ReloadAssembly
Native extension for WindowsStandalone target not found
Native extension for WebGL target not found
Refreshing native plugins compatible for Editor in 0.62 ms, found 1 plugins.
Preloading 0 native plugins for Editor in 0.00 ms.
Invoked RoslynAnalysisRunner static constructor.
RoslynAnalysisRunner will not be running.
RoslynAnalysisRunner has terminated.
Mono: successfully reloaded assembly
- Completed reload, in  0.740 seconds
Platform modules already initialized, skipping
Refreshing native plugins compatible for Editor in 0.56 ms, found 1 plugins.
Preloading 0 native plugins for Editor in 0.00 ms.
Unloading 1793 Unused Serialized files (Serialized files now loaded: 0)
System memory in use before: 87.5 MB.
System memory in use after: 87.5 MB.

Unloading 12 unused Assets to reduce memory usage. Loaded Objects now: 2251.
Total: 2.995700 ms (FindLiveObjects: 0.427100 ms CreateObjectMapping: 0.044200 ms MarkObjects: 2.367300 ms  DeleteObjects: 0.155900 ms)

AssetImportWorkerClient::OnTransportError - code=2 error=End of file
