Using pre-set license
Built from '2020.2/release' branch; Version is '2020.2.4f1 (becced5a802b) revision 12504301'; Using compiler version '192528614'; Build Type 'Release'
OS: 'Windows 10 Home; OS build 19043.1586; Version 2009; 64bit' Language: 'en' Physical Memory: 16317 MB
BatchMode: 1, IsHumanControllingUs: 0, StartBugReporterOnCrash: 0, Is64bit: 1, IsPro: 0

 COMMAND LINE ARGUMENTS:
C:\Program Files\Unity\Hub\Editor\2020.2.4f1\Editor\Unity.exe
-adb2
-batchMode
-noUpm
-name
AssetImportWorker0
-projectPath
D:/Unity Projects/TeachingProjects/JeffGeekEdu/JeffGeekEDU/JeffOpenWorldGame
-logFile
Logs/AssetImportWorker0.log
-srvPort
49275
Successfully changed project path to: D:/Unity Projects/TeachingProjects/JeffGeekEdu/JeffGeekEDU/JeffOpenWorldGame
D:/Unity Projects/TeachingProjects/JeffGeekEdu/JeffGeekEDU/JeffOpenWorldGame
Using Asset Import Pipeline V2.
Refreshing native plugins compatible for Editor in 25.28 ms, found 0 plugins.
Preloading 0 native plugins for Editor in 0.00 ms.
Initialize engine version: 2020.2.4f1 (becced5a802b)
[Subsystems] Discovering subsystems at path C:/Program Files/Unity/Hub/Editor/2020.2.4f1/Editor/Data/Resources/UnitySubsystems
[Subsystems] Discovering subsystems at path D:/Unity Projects/TeachingProjects/JeffGeekEdu/JeffGeekEDU/JeffOpenWorldGame/Assets
GfxDevice: creating device client; threaded=0
Direct3D:
    Version:  Direct3D 11.0 [level 11.1]
    Renderer: NVIDIA GeForce RTX 2060 SUPER (ID=0x1f06)
    Vendor:   
    VRAM:     8031 MB
    Driver:   30.0.14.7196
Initialize mono
Mono path[0] = 'C:/Program Files/Unity/Hub/Editor/2020.2.4f1/Editor/Data/Managed'
Mono path[1] = 'C:/Program Files/Unity/Hub/Editor/2020.2.4f1/Editor/Data/MonoBleedingEdge/lib/mono/unityjit'
Mono config path = 'C:/Program Files/Unity/Hub/Editor/2020.2.4f1/Editor/Data/MonoBleedingEdge/etc'
Using monoOptions --debugger-agent=transport=dt_socket,embedding=1,server=y,suspend=n,address=127.0.0.1:56912
Begin MonoManager ReloadAssembly
Registering precompiled unity dll's ...
Register platform support module: C:/Program Files/Unity/Hub/Editor/2020.2.4f1/Editor/Data/PlaybackEngines/WebGLSupport/UnityEditor.WebGL.Extensions.dll
Register platform support module: C:/Program Files/Unity/Hub/Editor/2020.2.4f1/Editor/Data/PlaybackEngines/WindowsStandaloneSupport/UnityEditor.WindowsStandalone.Extensions.dll
Registered in 0.003291 seconds.
Native extension for WindowsStandalone target not found
Native extension for WebGL target not found
Refreshing native plugins compatible for Editor in 21.53 ms, found 0 plugins.
Preloading 0 native plugins for Editor in 0.00 ms.
Invoked RoslynAnalysisRunner static constructor.
RoslynAnalysisRunner will not be running.
RoslynAnalysisRunner has terminated.
Mono: successfully reloaded assembly
- Completed reload, in  2.098 seconds
Platform modules already initialized, skipping
Registering precompiled user dll's ...
Registered in 0.000764 seconds.
Begin MonoManager ReloadAssembly
Native extension for WindowsStandalone target not found
Native extension for WebGL target not found
Refreshing native plugins compatible for Editor in 0.31 ms, found 0 plugins.
Preloading 0 native plugins for Editor in 0.00 ms.
Invoked RoslynAnalysisRunner static constructor.
RoslynAnalysisRunner will not be running.
RoslynAnalysisRunner has terminated.
Mono: successfully reloaded assembly
- Completed reload, in  0.867 seconds
Platform modules already initialized, skipping
========================================================================
Worker process is ready to serve import requests
Launched and connected shader compiler UnityShaderCompiler.exe after 0.05 seconds
Refreshing native plugins compatible for Editor in 0.20 ms, found 0 plugins.
Preloading 0 native plugins for Editor in 0.00 ms.
Unloading 1104 Unused Serialized files (Serialized files now loaded: 0)
System memory in use before: 68.8 MB.
System memory in use after: 68.8 MB.

Unloading 10 unused Assets to reduce memory usage. Loaded Objects now: 1559.
Total: 3.075700 ms (FindLiveObjects: 0.667800 ms CreateObjectMapping: 0.085000 ms MarkObjects: 2.195700 ms  DeleteObjects: 0.122800 ms)

========================================================================
Received Import Request.
  path: Assets/New Terrain.asset
  artifactKey: Guid(c9afa5becb83b3e4683384319565a84b) Importer(815301076,1909f56bfc062723c751e8b465ee728b)
Start importing Assets/New Terrain.asset using Guid(c9afa5becb83b3e4683384319565a84b) Importer(815301076,1909f56bfc062723c751e8b465ee728b)  -> (artifact id: '9098248f5a0900ebbf74a56c9e6211b3') in 0.053903 seconds
  Import took 0.056134 seconds .

========================================================================
Received Import Request.
  Time since last request: 294.583240 seconds.
  path: Assets
  artifactKey: Guid(00000000000000001000000000000000) Importer(815301076,1909f56bfc062723c751e8b465ee728b)
Start importing Assets using Guid(00000000000000001000000000000000) Importer(815301076,1909f56bfc062723c751e8b465ee728b)  -> (artifact id: 'edc3feb264a98656617d3c2cb59c8f16') in 0.006796 seconds
  Import took 0.008816 seconds .

========================================================================
Received Import Request.
  Time since last request: 11.452896 seconds.
  path: Assets/Player.cs
  artifactKey: Guid(639ca57ad877b8f479fa43685e403a6c) Importer(815301076,1909f56bfc062723c751e8b465ee728b)
Start importing Assets/Player.cs using Guid(639ca57ad877b8f479fa43685e403a6c) Importer(815301076,1909f56bfc062723c751e8b465ee728b)  -> (artifact id: '6a7ee72f5180c70ae6d8d017cdc705c9') in 0.020584 seconds
  Import took 0.022489 seconds .

========================================================================
Received Prepare
Registering precompiled user dll's ...
Registered in 0.000519 seconds.
Begin MonoManager ReloadAssembly
Native extension for WindowsStandalone target not found
Native extension for WebGL target not found
Refreshing native plugins compatible for Editor in 0.40 ms, found 0 plugins.
Preloading 0 native plugins for Editor in 0.00 ms.
Invoked RoslynAnalysisRunner static constructor.
RoslynAnalysisRunner will not be running.
RoslynAnalysisRunner has terminated.
Mono: successfully reloaded assembly
- Completed reload, in  0.767 seconds
Platform modules already initialized, skipping
Refreshing native plugins compatible for Editor in 0.27 ms, found 0 plugins.
Preloading 0 native plugins for Editor in 0.00 ms.
Unloading 1100 Unused Serialized files (Serialized files now loaded: 0)
System memory in use before: 68.8 MB.
System memory in use after: 68.8 MB.

Unloading 5 unused Assets to reduce memory usage. Loaded Objects now: 1562.
Total: 1.802300 ms (FindLiveObjects: 0.229600 ms CreateObjectMapping: 0.030800 ms MarkObjects: 1.477500 ms  DeleteObjects: 0.063100 ms)

========================================================================
Received Prepare
Registering precompiled user dll's ...
Registered in 0.000607 seconds.
Begin MonoManager ReloadAssembly
Native extension for WindowsStandalone target not found
Native extension for WebGL target not found
Refreshing native plugins compatible for Editor in 0.20 ms, found 0 plugins.
Preloading 0 native plugins for Editor in 0.00 ms.
Invoked RoslynAnalysisRunner static constructor.
RoslynAnalysisRunner will not be running.
RoslynAnalysisRunner has terminated.
Mono: successfully reloaded assembly
- Completed reload, in  0.726 seconds
Platform modules already initialized, skipping
Refreshing native plugins compatible for Editor in 0.64 ms, found 0 plugins.
Preloading 0 native plugins for Editor in 0.00 ms.
Unloading 1100 Unused Serialized files (Serialized files now loaded: 0)
System memory in use before: 68.8 MB.
System memory in use after: 68.9 MB.

Unloading 5 unused Assets to reduce memory usage. Loaded Objects now: 1564.
Total: 2.810900 ms (FindLiveObjects: 0.588900 ms CreateObjectMapping: 0.067900 ms MarkObjects: 2.077700 ms  DeleteObjects: 0.073600 ms)

========================================================================
Received Prepare
Registering precompiled user dll's ...
Registered in 0.000673 seconds.
Begin MonoManager ReloadAssembly
Native extension for WindowsStandalone target not found
Native extension for WebGL target not found
Refreshing native plugins compatible for Editor in 0.21 ms, found 0 plugins.
Preloading 0 native plugins for Editor in 0.00 ms.
Invoked RoslynAnalysisRunner static constructor.
RoslynAnalysisRunner will not be running.
RoslynAnalysisRunner has terminated.
Mono: successfully reloaded assembly
- Completed reload, in  0.677 seconds
Platform modules already initialized, skipping
Refreshing native plugins compatible for Editor in 0.43 ms, found 0 plugins.
Preloading 0 native plugins for Editor in 0.00 ms.
Unloading 1100 Unused Serialized files (Serialized files now loaded: 0)
System memory in use before: 68.8 MB.
System memory in use after: 68.9 MB.

Unloading 5 unused Assets to reduce memory usage. Loaded Objects now: 1566.
Total: 2.774800 ms (FindLiveObjects: 0.726300 ms CreateObjectMapping: 0.056500 ms MarkObjects: 1.918100 ms  DeleteObjects: 0.071700 ms)

========================================================================
Received Prepare
Registering precompiled user dll's ...
Registered in 0.000935 seconds.
Begin MonoManager ReloadAssembly
Native extension for WindowsStandalone target not found
Native extension for WebGL target not found
Refreshing native plugins compatible for Editor in 0.23 ms, found 0 plugins.
Preloading 0 native plugins for Editor in 0.00 ms.
Invoked RoslynAnalysisRunner static constructor.
RoslynAnalysisRunner will not be running.
RoslynAnalysisRunner has terminated.
Mono: successfully reloaded assembly
- Completed reload, in  0.738 seconds
Platform modules already initialized, skipping
Refreshing native plugins compatible for Editor in 0.21 ms, found 0 plugins.
Preloading 0 native plugins for Editor in 0.00 ms.
Unloading 1100 Unused Serialized files (Serialized files now loaded: 0)
System memory in use before: 68.7 MB.
System memory in use after: 68.8 MB.

Unloading 5 unused Assets to reduce memory usage. Loaded Objects now: 1568.
Total: 3.283200 ms (FindLiveObjects: 0.657600 ms CreateObjectMapping: 0.073400 ms MarkObjects: 2.486800 ms  DeleteObjects: 0.061400 ms)

========================================================================
Received Prepare
Registering precompiled user dll's ...
Registered in 0.000941 seconds.
Begin MonoManager ReloadAssembly
Native extension for WindowsStandalone target not found
Native extension for WebGL target not found
Refreshing native plugins compatible for Editor in 0.59 ms, found 0 plugins.
Preloading 0 native plugins for Editor in 0.00 ms.
Invoked RoslynAnalysisRunner static constructor.
RoslynAnalysisRunner will not be running.
RoslynAnalysisRunner has terminated.
Mono: successfully reloaded assembly
- Completed reload, in  0.759 seconds
Platform modules already initialized, skipping
Refreshing native plugins compatible for Editor in 0.52 ms, found 0 plugins.
Preloading 0 native plugins for Editor in 0.00 ms.
Unloading 1100 Unused Serialized files (Serialized files now loaded: 0)
System memory in use before: 68.7 MB.
System memory in use after: 68.8 MB.

Unloading 5 unused Assets to reduce memory usage. Loaded Objects now: 1570.
Total: 2.169900 ms (FindLiveObjects: 0.335300 ms CreateObjectMapping: 0.047000 ms MarkObjects: 1.717900 ms  DeleteObjects: 0.068200 ms)

========================================================================
Received Prepare
Registering precompiled user dll's ...
Registered in 0.000580 seconds.
Begin MonoManager ReloadAssembly
Native extension for WindowsStandalone target not found
Native extension for WebGL target not found
Refreshing native plugins compatible for Editor in 0.36 ms, found 0 plugins.
Preloading 0 native plugins for Editor in 0.00 ms.
Invoked RoslynAnalysisRunner static constructor.
RoslynAnalysisRunner will not be running.
RoslynAnalysisRunner has terminated.
Mono: successfully reloaded assembly
- Completed reload, in  0.747 seconds
Platform modules already initialized, skipping
Refreshing native plugins compatible for Editor in 0.47 ms, found 0 plugins.
Preloading 0 native plugins for Editor in 0.00 ms.
Unloading 1100 Unused Serialized files (Serialized files now loaded: 0)
System memory in use before: 68.7 MB.
System memory in use after: 68.8 MB.

Unloading 5 unused Assets to reduce memory usage. Loaded Objects now: 1572.
Total: 2.053000 ms (FindLiveObjects: 0.230500 ms CreateObjectMapping: 0.034100 ms MarkObjects: 1.730500 ms  DeleteObjects: 0.056400 ms)

========================================================================
Received Prepare
Registering precompiled user dll's ...
Registered in 0.000558 seconds.
Begin MonoManager ReloadAssembly
Native extension for WindowsStandalone target not found
Native extension for WebGL target not found
Refreshing native plugins compatible for Editor in 0.41 ms, found 0 plugins.
Preloading 0 native plugins for Editor in 0.00 ms.
Invoked RoslynAnalysisRunner static constructor.
RoslynAnalysisRunner will not be running.
RoslynAnalysisRunner has terminated.
Mono: successfully reloaded assembly
- Completed reload, in  0.698 seconds
Platform modules already initialized, skipping
Refreshing native plugins compatible for Editor in 0.24 ms, found 0 plugins.
Preloading 0 native plugins for Editor in 0.00 ms.
Unloading 1100 Unused Serialized files (Serialized files now loaded: 0)
System memory in use before: 68.7 MB.
System memory in use after: 68.8 MB.

Unloading 5 unused Assets to reduce memory usage. Loaded Objects now: 1574.
Total: 3.926700 ms (FindLiveObjects: 0.883600 ms CreateObjectMapping: 0.077400 ms MarkObjects: 2.856200 ms  DeleteObjects: 0.103600 ms)

========================================================================
Received Prepare
Registering precompiled user dll's ...
Registered in 0.000969 seconds.
Begin MonoManager ReloadAssembly
Native extension for WindowsStandalone target not found
Native extension for WebGL target not found
Refreshing native plugins compatible for Editor in 0.22 ms, found 0 plugins.
Preloading 0 native plugins for Editor in 0.00 ms.
Invoked RoslynAnalysisRunner static constructor.
RoslynAnalysisRunner will not be running.
RoslynAnalysisRunner has terminated.
Mono: successfully reloaded assembly
- Completed reload, in  0.735 seconds
Platform modules already initialized, skipping
Refreshing native plugins compatible for Editor in 0.22 ms, found 0 plugins.
Preloading 0 native plugins for Editor in 0.00 ms.
Unloading 1100 Unused Serialized files (Serialized files now loaded: 0)
System memory in use before: 68.7 MB.
System memory in use after: 68.8 MB.

Unloading 5 unused Assets to reduce memory usage. Loaded Objects now: 1576.
Total: 2.282800 ms (FindLiveObjects: 0.348800 ms CreateObjectMapping: 0.039400 ms MarkObjects: 1.813000 ms  DeleteObjects: 0.079600 ms)

========================================================================
Received Import Request.
  Time since last request: 3235.543891 seconds.
  path: Assets/New Terrain.asset
  artifactKey: Guid(c9afa5becb83b3e4683384319565a84b) Importer(815301076,1909f56bfc062723c751e8b465ee728b)
Start importing Assets/New Terrain.asset using Guid(c9afa5becb83b3e4683384319565a84b) Importer(815301076,1909f56bfc062723c751e8b465ee728b)  -> (artifact id: '15d69c12756ce722254e02a2544f4ac8') in 0.020552 seconds
  Import took 0.023332 seconds .

========================================================================
Received Import Request.
  Time since last request: 15.144889 seconds.
  path: Assets/NewBrush.brush
  artifactKey: Guid(3cbc2284f824d734d81c640957f17731) Importer(815301076,1909f56bfc062723c751e8b465ee728b)
Start importing Assets/NewBrush.brush using Guid(3cbc2284f824d734d81c640957f17731) Importer(815301076,1909f56bfc062723c751e8b465ee728b)  -> (artifact id: '83cdc0616fafb2ae6f8e3f913223b7fc') in 0.060394 seconds
  Import took 0.062897 seconds .

========================================================================
Received Import Request.
  Time since last request: 763.616309 seconds.
  path: Assets/Terrain
  artifactKey: Guid(5fdb174b13edacd4090d6758e84b561d) Importer(815301076,1909f56bfc062723c751e8b465ee728b)
Start importing Assets/Terrain using Guid(5fdb174b13edacd4090d6758e84b561d) Importer(815301076,1909f56bfc062723c751e8b465ee728b)  -> (artifact id: '88549f5017e7d8f648a5808f766fc71b') in 0.009093 seconds
  Import took 0.011555 seconds .

========================================================================
Received Import Request.
  Time since last request: 18.425913 seconds.
  path: Assets/Terrain/darklava.png
  artifactKey: Guid(79513b7834beba248a9031ee7c1a3866) Importer(815301076,1909f56bfc062723c751e8b465ee728b)
Start importing Assets/Terrain/darklava.png using Guid(79513b7834beba248a9031ee7c1a3866) Importer(815301076,1909f56bfc062723c751e8b465ee728b)  -> (artifact id: 'c14f016402103405d295fa2de6adafa3') in 0.031632 seconds
  Import took 0.035336 seconds .

========================================================================
Received Import Request.
  Time since last request: 0.000352 seconds.
  path: Assets/Terrain/grass20.png
  artifactKey: Guid(a52e3533dd8674f41967535a72263819) Importer(815301076,1909f56bfc062723c751e8b465ee728b)
Start importing Assets/Terrain/grass20.png using Guid(a52e3533dd8674f41967535a72263819) Importer(815301076,1909f56bfc062723c751e8b465ee728b)  -> (artifact id: 'b67ea8ca1d7fc9f0e3b1d6c2765ec8c5') in 0.015592 seconds
  Import took 0.030282 seconds .

========================================================================
Received Import Request.
  Time since last request: 0.000506 seconds.
  path: Assets/Terrain/test_rock.png
  artifactKey: Guid(4d3cc8d55d8b9484c8fd067447ad2fe2) Importer(815301076,1909f56bfc062723c751e8b465ee728b)
Start importing Assets/Terrain/test_rock.png using Guid(4d3cc8d55d8b9484c8fd067447ad2fe2) Importer(815301076,1909f56bfc062723c751e8b465ee728b)  -> (artifact id: '48ed5aa9e4c112e8a72e639820d6c6f9') in 0.017196 seconds
  Import took 0.019978 seconds .

========================================================================
Received Import Request.
  Time since last request: 0.000195 seconds.
  path: Assets/Terrain/grass20.png
  artifactKey: Guid(a52e3533dd8674f41967535a72263819) Importer(815301076,1909f56bfc062723c751e8b465ee728b)
Start importing Assets/Terrain/grass20.png using Guid(a52e3533dd8674f41967535a72263819) Importer(815301076,1909f56bfc062723c751e8b465ee728b)  -> (artifact id: 'b67ea8ca1d7fc9f0e3b1d6c2765ec8c5') in 0.014026 seconds
  Import took 0.016314 seconds .

========================================================================
Received Import Request.
  Time since last request: 0.000229 seconds.
  path: Assets/Terrain/lava.png
  artifactKey: Guid(77c0e4c5492a0ac43b177eeb1228f017) Importer(815301076,1909f56bfc062723c751e8b465ee728b)
Start importing Assets/Terrain/lava.png using Guid(77c0e4c5492a0ac43b177eeb1228f017) Importer(815301076,1909f56bfc062723c751e8b465ee728b)  -> (artifact id: '8f497c0be10ef9238df621c6fa408db9') in 0.011676 seconds
  Import took 0.014362 seconds .

========================================================================
Received Prepare
Registering precompiled user dll's ...
Registered in 0.000762 seconds.
Begin MonoManager ReloadAssembly
Native extension for WindowsStandalone target not found
Native extension for WebGL target not found
Refreshing native plugins compatible for Editor in 0.39 ms, found 0 plugins.
Preloading 0 native plugins for Editor in 0.00 ms.
Invoked RoslynAnalysisRunner static constructor.
RoslynAnalysisRunner will not be running.
RoslynAnalysisRunner has terminated.
Mono: successfully reloaded assembly
- Completed reload, in  0.731 seconds
Platform modules already initialized, skipping
Refreshing native plugins compatible for Editor in 0.20 ms, found 0 plugins.
Preloading 0 native plugins for Editor in 0.00 ms.
Unloading 1100 Unused Serialized files (Serialized files now loaded: 0)
System memory in use before: 71.9 MB.
System memory in use after: 71.9 MB.

Unloading 6 unused Assets to reduce memory usage. Loaded Objects now: 1585.
Total: 2.036500 ms (FindLiveObjects: 0.247600 ms CreateObjectMapping: 0.032100 ms MarkObjects: 1.674500 ms  DeleteObjects: 0.080000 ms)

========================================================================
Received Import Request.
  Time since last request: 654.928071 seconds.
  path: Assets/Terrain/New Terrain.asset
  artifactKey: Guid(c9afa5becb83b3e4683384319565a84b) Importer(815301076,1909f56bfc062723c751e8b465ee728b)
Start importing Assets/Terrain/New Terrain.asset using Guid(c9afa5becb83b3e4683384319565a84b) Importer(815301076,1909f56bfc062723c751e8b465ee728b)  -> (artifact id: '3976684a65f5eef72cadea99fd118f18') in 0.044000 seconds
  Import took 0.046291 seconds .

========================================================================
Received Import Request.
  Time since last request: 0.000345 seconds.
  path: Assets/Terrain/NewLayer.terrainlayer
  artifactKey: Guid(773b1c7518d49414697f714eed0c1400) Importer(815301076,1909f56bfc062723c751e8b465ee728b)
Start importing Assets/Terrain/NewLayer.terrainlayer using Guid(773b1c7518d49414697f714eed0c1400) Importer(815301076,1909f56bfc062723c751e8b465ee728b)  -> (artifact id: '0999fc97f65b8ac8b69e71bd3f19c4d0') in 0.038692 seconds
  Import took 0.041490 seconds .

AssetImportWorkerClient::OnTransportError - code=2 error=End of file
